<?xml version="1.0" encoding="UTF-8"?>
<!-- Generated by org.testng.reporters.JUnitReportReporter -->
<testsuite skipped="0" hostname="GGKU5DELL1020" name="src_test_java.NewTest" tests="1" failures="0" timestamp="22 Nov 2020 19:59:15 GMT" time="2.056" errors="0">
  <testcase name="validatingMenus" time="2.056" classname="src_test_java.NewTest"/>
</testsuite> <!-- src_test_java.NewTest -->
